#
# There is insufficient memory for the Java Runtime Environment to continue.
# Native memory allocation (mmap) failed to map 255852544 bytes for Failed to commit area from 0x000000070c000000 to 0x000000071b400000 of length 255852544.
# Possible reasons:
#   The system is out of physical RAM or swap space
#   The process is running with CompressedOops enabled, and the Java Heap may be blocking the growth of the native heap
# Possible solutions:
#   Reduce memory load on the system
#   Increase physical memory or swap space
#   Check if swap backing store is full
#   Decrease Java heap size (-Xmx/-Xms)
#   Decrease number of Java threads
#   Decrease Java thread stack sizes (-Xss)
#   Set larger code cache with -XX:ReservedCodeCacheSize=
# This output file may be truncated or incomplete.
#
#  Out of Memory Error (./src/hotspot/os/windows/os_windows.cpp:3387), pid=34044, tid=38096
#
# JRE version:  (11.0.14.1+1) (build )
# Java VM: OpenJDK 64-Bit Server VM (11.0.14.1+1, mixed mode, sharing, tiered, compressed oops, g1 gc, windows-amd64)
# No core dump will be written. Minidumps are not enabled by default on client versions of Windows
#

---------------  S U M M A R Y ------------

Command Line: -Dfile.encoding=UTF-8 -Dcom.android.sdklib.toolsdir=C:\Program Files\Unity\Hub\Editor\2022.3.13f1\Editor\Data\PlaybackEngines\AndroidPlayer\SDK\cmdline-tools\6.0\bin\\.. com.android.sdklib.tool.sdkmanager.SdkManagerCli --list

Host: AMD Ryzen 9 6900HS with Radeon Graphics        , 16 cores, 15G,  Windows 11 , 64 bit Build 22621 (10.0.22621.2506)
Time: Mon Jan 15 14:59:09 2024 Bangladesh Standard Time elapsed time: 0.010073 seconds (0d 0h 0m 0s)

---------------  T H R E A D  ---------------

Current thread (0x000001f41f332800):  JavaThread "Unknown thread" [_thread_in_vm, id=38096, stack(0x0000007e67700000,0x0000007e67800000)]

Stack: [0x0000007e67700000,0x0000007e67800000]
Native frames: (J=compiled Java code, j=interpreted, Vv=VM code, C=native code)
V  [jvm.dll+0x61e59a]
V  [jvm.dll+0x7aaca9]
V  [jvm.dll+0x7ac398]
V  [jvm.dll+0x7aca73]
V  [jvm.dll+0x24f9b8]
V  [jvm.dll+0x61b83a]
V  [jvm.dll+0x6100c5]
V  [jvm.dll+0x30772c]
V  [jvm.dll+0x3075b2]
V  [jvm.dll+0x30c2d6]
V  [jvm.dll+0x35272f]
V  [jvm.dll+0x352160]
V  [jvm.dll+0x2e4728]
V  [jvm.dll+0x2e5886]
V  [jvm.dll+0x784b07]
V  [jvm.dll+0x78628f]
V  [jvm.dll+0x35f479]
V  [jvm.dll+0x767aa0]
V  [jvm.dll+0x3ccf1f]
V  [jvm.dll+0x3cf2b1]
C  [jli.dll+0x5207]
C  [ucrtbase.dll+0x29363]
C  [KERNEL32.DLL+0x1257d]
C  [ntdll.dll+0x5aa58]


---------------  P R O C E S S  ---------------

Threads class SMR info:
_java_thread_list=0x000001f41d1380c0, length=0, elements={
}

Java Threads: ( => current thread )

Other Threads:
  0x000001f41f34e800 GCTaskThread "GC Thread#0" [stack: 0x0000007e67800000,0x0000007e67900000] [id=21780]
  0x000001f41f3a7000 ConcurrentGCThread "G1 Main Marker" [stack: 0x0000007e67900000,0x0000007e67a00000] [id=39780]
  0x000001f41f3a9800 ConcurrentGCThread "G1 Conc#0" [stack: 0x0000007e67a00000,0x0000007e67b00000] [id=37708]

[error occurred during error reporting (printing all threads), id 0xc0000005, EXCEPTION_ACCESS_VIOLATION (0xc0000005) at pc=0x00007fffaefe3ef7]

VM state:not at safepoint (not fully initialized)

VM Mutex/Monitor currently owned by a thread:  ([mutex/lock_event])
[0x000001f41f32f940] Heap_lock - owner thread: 0x000001f41f332800

Heap address: 0x000000070c000000, size: 3904 MB, Compressed Oops mode: Non-zero based: 0x000000070c000000
Narrow klass base: 0x0000000000000000, Narrow klass shift: 0

GC Heap History (0 events):
No events

Deoptimization events (0 events):
No events

Classes redefined (0 events):
No events

Internal exceptions (0 events):
No events

Events (1 events):
Event: 0.007 Loaded shared library C:\Program Files\Unity\Hub\Editor\2022.3.13f1\Editor\Data\PlaybackEngines\AndroidPlayer\OpenJDK\bin\zip.dll


Dynamic libraries:
0x00007ff60f020000 - 0x00007ff60f02d000 	C:\Program Files\Unity\Hub\Editor\2022.3.13f1\Editor\Data\PlaybackEngines\AndroidPlayer\OpenJDK\bin\java.exe
0x00007ff802c50000 - 0x00007ff802e67000 	C:\WINDOWS\SYSTEM32\ntdll.dll
0x00007ff800e30000 - 0x00007ff800ef4000 	C:\WINDOWS\System32\KERNEL32.DLL
0x00007ff800150000 - 0x00007ff8004f6000 	C:\WINDOWS\System32\KERNELBASE.dll
0x00007fffffed0000 - 0x00007ffffffe1000 	C:\WINDOWS\System32\ucrtbase.dll
0x00007fffeb250000 - 0x00007fffeb267000 	C:\Program Files\Unity\Hub\Editor\2022.3.13f1\Editor\Data\PlaybackEngines\AndroidPlayer\OpenJDK\bin\jli.dll
0x00007fffead90000 - 0x00007fffeada5000 	C:\Program Files\Unity\Hub\Editor\2022.3.13f1\Editor\Data\PlaybackEngines\AndroidPlayer\OpenJDK\bin\VCRUNTIME140.dll
0x00007ff800af0000 - 0x00007ff800c9e000 	C:\WINDOWS\System32\USER32.dll
0x00007ff800740000 - 0x00007ff800766000 	C:\WINDOWS\System32\win32u.dll
0x00007fffecfd0000 - 0x00007fffed263000 	C:\WINDOWS\WinSxS\amd64_microsoft.windows.common-controls_6595b64144ccf1df_6.0.22621.2506_none_270c5ae97388e100\COMCTL32.dll
0x00007ff800f00000 - 0x00007ff800f29000 	C:\WINDOWS\System32\GDI32.dll
0x00007ff8017a0000 - 0x00007ff801847000 	C:\WINDOWS\System32\msvcrt.dll
0x00007ff800620000 - 0x00007ff800738000 	C:\WINDOWS\System32\gdi32full.dll
0x00007ff800580000 - 0x00007ff80061a000 	C:\WINDOWS\System32\msvcp_win.dll
0x00007ff801760000 - 0x00007ff801791000 	C:\WINDOWS\System32\IMM32.DLL
0x00007fffcdb80000 - 0x00007fffcdc1b000 	C:\Program Files\Unity\Hub\Editor\2022.3.13f1\Editor\Data\PlaybackEngines\AndroidPlayer\OpenJDK\bin\msvcp140.dll
0x00007fffaecf0000 - 0x00007fffaf871000 	C:\Program Files\Unity\Hub\Editor\2022.3.13f1\Editor\Data\PlaybackEngines\AndroidPlayer\OpenJDK\bin\server\jvm.dll
0x00007ff800d70000 - 0x00007ff800e23000 	C:\WINDOWS\System32\ADVAPI32.dll
0x00007ff800f40000 - 0x00007ff800fe8000 	C:\WINDOWS\System32\sechost.dll
0x00007ff8000b0000 - 0x00007ff8000d8000 	C:\WINDOWS\System32\bcrypt.dll
0x00007ff802130000 - 0x00007ff802247000 	C:\WINDOWS\System32\RPCRT4.dll
0x00007ff801eb0000 - 0x00007ff801eb8000 	C:\WINDOWS\System32\PSAPI.DLL
0x00007fffc94f0000 - 0x00007fffc94f9000 	C:\WINDOWS\SYSTEM32\WSOCK32.dll
0x00007ff8016e0000 - 0x00007ff801751000 	C:\WINDOWS\System32\WS2_32.dll
0x00007ffff76f0000 - 0x00007ffff7724000 	C:\WINDOWS\SYSTEM32\WINMM.dll
0x00007ffff7930000 - 0x00007ffff793a000 	C:\WINDOWS\SYSTEM32\VERSION.dll
0x00007fffff070000 - 0x00007fffff088000 	C:\WINDOWS\SYSTEM32\kernel.appcore.dll
0x00007ffffa5b0000 - 0x00007ffffa5c0000 	C:\Program Files\Unity\Hub\Editor\2022.3.13f1\Editor\Data\PlaybackEngines\AndroidPlayer\OpenJDK\bin\verify.dll
0x00007ffffd4c0000 - 0x00007ffffd6f3000 	C:\WINDOWS\SYSTEM32\DBGHELP.DLL
0x00007ff801a00000 - 0x00007ff801d89000 	C:\WINDOWS\System32\combase.dll
0x00007ff8022c0000 - 0x00007ff802397000 	C:\WINDOWS\System32\OLEAUT32.dll
0x00007ffff5480000 - 0x00007ffff54b2000 	C:\WINDOWS\SYSTEM32\dbgcore.DLL
0x00007ff800500000 - 0x00007ff80057a000 	C:\WINDOWS\System32\bcryptPrimitives.dll
0x00007fffdfca0000 - 0x00007fffdfcc8000 	C:\Program Files\Unity\Hub\Editor\2022.3.13f1\Editor\Data\PlaybackEngines\AndroidPlayer\OpenJDK\bin\java.dll
0x00007ffffa390000 - 0x00007ffffa39a000 	C:\Program Files\Unity\Hub\Editor\2022.3.13f1\Editor\Data\PlaybackEngines\AndroidPlayer\OpenJDK\bin\jimage.dll
0x00007fffdce80000 - 0x00007fffdce98000 	C:\Program Files\Unity\Hub\Editor\2022.3.13f1\Editor\Data\PlaybackEngines\AndroidPlayer\OpenJDK\bin\zip.dll

dbghelp: loaded successfully - version: 4.0.5 - missing functions: none
symbol engine: initialized successfully - sym options: 0x614 - pdb path: .;C:\Program Files\Unity\Hub\Editor\2022.3.13f1\Editor\Data\PlaybackEngines\AndroidPlayer\OpenJDK\bin;C:\WINDOWS\SYSTEM32;C:\WINDOWS\WinSxS\amd64_microsoft.windows.common-controls_6595b64144ccf1df_6.0.22621.2506_none_270c5ae97388e100;C:\Program Files\Unity\Hub\Editor\2022.3.13f1\Editor\Data\PlaybackEngines\AndroidPlayer\OpenJDK\bin\server

VM Arguments:
jvm_args: -Dfile.encoding=UTF-8 -Dcom.android.sdklib.toolsdir=C:\Program Files\Unity\Hub\Editor\2022.3.13f1\Editor\Data\PlaybackEngines\AndroidPlayer\SDK\cmdline-tools\6.0\bin\\.. 
java_command: com.android.sdklib.tool.sdkmanager.SdkManagerCli --list
java_class_path (initial): C:\Program Files\Unity\Hub\Editor\2022.3.13f1\Editor\Data\PlaybackEngines\AndroidPlayer\SDK\cmdline-tools\6.0\bin\..\lib\sdkmanager-classpath.jar
Launcher Type: SUN_STANDARD

[Global flags]
     intx CICompilerCount                          = 12                                        {product} {ergonomic}
     uint ConcGCThreads                            = 3                                         {product} {ergonomic}
     uint G1ConcRefinementThreads                  = 13                                        {product} {ergonomic}
   size_t G1HeapRegionSize                         = 1048576                                   {product} {ergonomic}
    uintx GCDrainStackTargetSize                   = 64                                        {product} {ergonomic}
   size_t InitialHeapSize                          = 255852544                                 {product} {ergonomic}
   size_t MarkStackSize                            = 4194304                                   {product} {ergonomic}
   size_t MaxHeapSize                              = 4093640704                                {product} {ergonomic}
   size_t MinHeapDeltaBytes                        = 1048576                                   {product} {ergonomic}
    uintx NonNMethodCodeHeapSize                   = 7594288                                {pd product} {ergonomic}
    uintx NonProfiledCodeHeapSize                  = 122031976                              {pd product} {ergonomic}
    uintx ProfiledCodeHeapSize                     = 122031976                              {pd product} {ergonomic}
    uintx ReservedCodeCacheSize                    = 251658240                              {pd product} {ergonomic}
     bool SegmentedCodeCache                       = true                                      {product} {ergonomic}
     bool UseCompressedClassPointers               = true                                 {lp64_product} {ergonomic}
     bool UseCompressedOops                        = true                                 {lp64_product} {ergonomic}
     bool UseG1GC                                  = true                                      {product} {ergonomic}
     bool UseLargePagesIndividualAllocation        = false                                  {pd product} {ergonomic}

Logging:
Log output configuration:
 #0: stdout all=warning uptime,level,tags
 #1: stderr all=off uptime,level,tags

Environment Variables:
JAVA_HOME=C:\Program Files\Unity\Hub\Editor\2022.3.13f1\Editor\Data\PlaybackEngines\AndroidPlayer\OpenJDK
JAVA_TOOL_OPTIONS=-Dfile.encoding=UTF-8
CLASSPATH=C:\Program Files\Unity\Hub\Editor\2022.3.13f1\Editor\Data\PlaybackEngines\AndroidPlayer\SDK\cmdline-tools\6.0\bin\..\lib\sdkmanager-classpath.jar
PATH=C:\Windows\system32;C:\Windows;C:\Windows\System32\Wbem;C:\Windows\System32\WindowsPowerShell\v1.0\;C:\Windows\System32\OpenSSH\;C:\Program Files (x86)\NVIDIA Corporation\PhysX\Common;C:\Program Files\NVIDIA Corporation\NVIDIA NvDLISR;C:\Program Files\dotnet\;C:\WINDOWS\system32;C:\WINDOWS;C:\WINDOWS\System32\Wbem;C:\WINDOWS\System32\WindowsPowerShell\v1.0\;C:\WINDOWS\System32\OpenSSH\;C:\Program Files\Cloudflare\Cloudflare WARP\;C:\Program Files\Git\cmd;C:\Program Files (x86)\Windows Kits\10\Windows Performance Toolkit\;C:\Program Files\nodejs\;C:\ProgramData\chocolatey\bin;C:\Users\kazij\anaconda3;C:\Users\kazij\anaconda3\Library\mingw-w64\bin;C:\Users\kazij\anaconda3\Library\usr\bin;C:\Users\kazij\anaconda3\Library\bin;C:\Users\kazij\anaconda3\Scripts;C:\Users\kazij\AppData\Local\Microsoft\WindowsApps;C:\Users\kazij\AppData\Local\Programs\Microsoft VS Code\bin;C:\Users\kazij\.dotnet\tools;C:\Users\kazij\AppData\Local\GitHubDesktop\bin;C:\Users\kazij\AppData\Local\JetBrains\Toolbox\scripts;C:\Users\kazij\AppData\Roaming\npm
USERNAME=kazij
OS=Windows_NT
PROCESSOR_IDENTIFIER=AMD64 Family 25 Model 68 Stepping 1, AuthenticAMD



---------------  S Y S T E M  ---------------

OS: Windows 11 , 64 bit Build 22621 (10.0.22621.2506)
OS uptime: 0 days 21:36 hours
Hyper-V role detected

CPU:total 16 (initial active 16) (16 cores per cpu, 2 threads per core) family 25 model 68 stepping 1 microcode 0x0, cmov, cx8, fxsr, mmx, sse, sse2, sse3, ssse3, sse4.1, sse4.2, popcnt, avx, avx2, aes, clmul, mmxext, 3dnowpref, lzcnt, sse4a, ht, tsc, tscinvbit, tscinv, bmi1, bmi2, adx, sha, fma

Memory: 4k page, system-wide physical 15608M (1361M free)
TotalPageFile size 62712M (AvailPageFile size 17M)
current process WorkingSet (physical memory assigned to process): 11M, peak: 11M
current process commit charge ("private bytes"): 71M, peak: 315M

vm_info: OpenJDK 64-Bit Server VM (11.0.14.1+1) for windows-amd64 JRE (11.0.14.1+1), built on Feb  9 2022 01:48:27 by "" with unknown MS VC++:1916

END.
